#
# There is insufficient memory for the Java Runtime Environment to continue.
# Native memory allocation (malloc) failed to allocate 2045136 bytes for Chunk::new
# Possible reasons:
#   The system is out of physical RAM or swap space
#   The process is running with CompressedOops enabled, and the Java Heap may be blocking the growth of the native heap
# Possible solutions:
#   Reduce memory load on the system
#   Increase physical memory or swap space
#   Check if swap backing store is full
#   Decrease Java heap size (-Xmx/-Xms)
#   Decrease number of Java threads
#   Decrease Java thread stack sizes (-Xss)
#   Set larger code cache with -XX:ReservedCodeCacheSize=
#   JVM is running with Zero Based Compressed Oops mode in which the Java heap is
#     placed in the first 32GB address space. The Java Heap base address is the
#     maximum limit for the native heap growth. Please use -XX:HeapBaseMinAddress
#     to set the Java Heap base and to place the Java Heap above 32GB virtual address.
# This output file may be truncated or incomplete.
#
#  Out of Memory Error (allocation.cpp:390), pid=35880, tid=0x00000000000096a4
#
# JRE version: Java(TM) SE Runtime Environment (8.0_201-b09) (build 1.8.0_201-b09)
# Java VM: Java HotSpot(TM) 64-Bit Server VM (25.201-b09 mixed mode windows-amd64 compressed oops)
# Failed to write core dump. Minidumps are not enabled by default on client versions of Windows
#

---------------  T H R E A D  ---------------

Current thread (0x000000001bf36800):  JavaThread "C2 CompilerThread1" daemon [_thread_in_native, id=38564, stack(0x000000001c8e0000,0x000000001c9e0000)]

Stack: [0x000000001c8e0000,0x000000001c9e0000]
[error occurred during error reporting (printing stack bounds), id 0xc0000005]

Native frames: (J=compiled Java code, j=interpreted, Vv=VM code, C=native code)


Current CompileTask:
C2:   4617 3039       4       java.net.URLClassLoader$1::run (5 bytes)


---------------  P R O C E S S  ---------------

Java Threads: ( => current thread )
  0x000000001bfb4800 JavaThread "Service Thread" daemon [_thread_blocked, id=37912, stack(0x000000001cbe0000,0x000000001cce0000)]
  0x000000001bf3e800 JavaThread "C1 CompilerThread3" daemon [_thread_blocked, id=39820, stack(0x000000001cae0000,0x000000001cbe0000)]
  0x000000001bf3a800 JavaThread "C2 CompilerThread2" daemon [_thread_in_native, id=34476, stack(0x000000001c9e0000,0x000000001cae0000)]
=>0x000000001bf36800 JavaThread "C2 CompilerThread1" daemon [_thread_in_native, id=38564, stack(0x000000001c8e0000,0x000000001c9e0000)]
  0x000000001bf2a800 JavaThread "C2 CompilerThread0" daemon [_thread_in_native, id=25200, stack(0x000000001c7e0000,0x000000001c8e0000)]
  0x000000001bf20000 
[error occurred during error reporting (printing all threads), id 0xc0000005]

VM state:at safepoint (normal execution)

VM Mutex/Monitor currently owned by a thread:  ([mutex/lock_event])
[0x0000000000c5d7d0] Threads_lock - owner thread: 0x000000001a11a000
[0x0000000000c5dd50] Heap_lock - owner thread: 0x0000000000c5e800

heap address: 0x0000000701e00000, size: 3042 MB, Compressed Oops mode: Zero based, Oop shift amount: 3
Narrow klass base: 0x0000000000000000, Narrow klass shift: 3
Compressed class space size: 1073741824 Address: 0x00000007c0000000

Heap:
 PSYoungGen      total 57344K, used 8183K [0x0000000780a00000, 0x0000000787a00000, 0x00000007c0000000)
  eden space 49152K, 0% used [0x0000000780a00000,0x0000000780a00000,0x0000000783a00000)
  from space 8192K, 99% used [0x0000000783a00000,0x00000007841fdea8,0x0000000784200000)
  to   space 8192K, 0% used [0x0000000784200000,0x0000000784200000,0x0000000784a00000)
 ParOldGen       total 131072K, used 14226K [0x0000000701e00000, 0x0000000709e00000, 0x0000000780a00000)
  object space 131072K, 10% used [0x0000000701e00000,0x0000000702be49a0,0x0000000709e00000)
 Metaspace       used 20674K, capacity 21090K, committed 21296K, reserved 1069056K
  class space    used 2491K, capacity 2607K, committed 2688K, reserved 1048576K

Card table byte_map: [0x0000000012020000,0x0000000012620000] byte_map_base: 0x000000000e811000

Marking Bits: (ParMarkBitMap*) 0x000000006ab34ce0
 Begin Bits: [0x0000000013220000, 0x00000000161a8000)
 End Bits:   [0x00000000161a8000, 0x0000000019130000)

Polling page: 0x0000000000c30000

CodeCache: size=245760Kb used=11354Kb max_used=11354Kb free=234406Kb
 bounds [0x0000000002c60000, 0x0000000003780000, 0x0000000011c60000]
 total_blobs=3582 nmethods=3208 adapters=286
 compilation: enabled

Compilation events (10 events):
Event: 4.525 Thread 0x000000001bf3e800 3220       3       com.sun.tools.javac.code.Type$ClassType::<init> (36 bytes)
Event: 4.525 Thread 0x000000001bf3e800 nmethod 3220 0x000000000377c690 code [0x000000000377c800, 0x000000000377caf0]
Event: 4.525 Thread 0x000000001bf3e800 3221       3       java.lang.CharacterDataLatin1::isJavaIdentifierStart (23 bytes)
Event: 4.525 Thread 0x000000001bf3e800 nmethod 3221 0x000000000377cc50 code [0x000000000377cdc0, 0x000000000377d010]
Event: 4.525 Thread 0x000000001bf3e800 3222       3       com.sun.tools.javac.code.Symbol$ClassSymbol::<init> (29 bytes)
Event: 4.526 Thread 0x000000001bf3e800 nmethod 3222 0x000000000377d150 code [0x000000000377d2c0, 0x000000000377d558]
Event: 4.526 Thread 0x000000001bf3e800 3223       3       com.sun.tools.javac.jvm.ClassReader::defineClass (46 bytes)
Event: 4.526 Thread 0x000000001bf3e800 nmethod 3223 0x000000000377d690 code [0x000000000377d880, 0x000000000377e028]
Event: 4.527 Thread 0x000000001bf3e800 3226       3       com.sun.tools.javac.util.List::iterator (20 bytes)
Event: 4.528 Thread 0x000000001bf3e800 nmethod 3226 0x000000000377e4d0 code [0x000000000377e640, 0x000000000377e990]

GC Heap History (10 events):
Event: 1.357 GC heap after
Heap after GC invocations=1 (full 0):
 PSYoungGen      total 57344K, used 7429K [0x0000000780a00000, 0x0000000784a00000, 0x00000007c0000000)
  eden space 49152K, 0% used [0x0000000780a00000,0x0000000780a00000,0x0000000783a00000)
  from space 8192K, 90% used [0x0000000783a00000,0x00000007841414a0,0x0000000784200000)
  to   space 8192K, 0% used [0x0000000784200000,0x0000000784200000,0x0000000784a00000)
 ParOldGen       total 131072K, used 16K [0x0000000701e00000, 0x0000000709e00000, 0x0000000780a00000)
  object space 131072K, 0% used [0x0000000701e00000,0x0000000701e04000,0x0000000709e00000)
 Metaspace       used 9792K, capacity 9958K, committed 9984K, reserved 1058816K
  class space    used 1217K, capacity 1279K, committed 1280K, reserved 1048576K
}
Event: 2.511 GC heap before
{Heap before GC invocations=2 (full 0):
 PSYoungGen      total 57344K, used 56581K [0x0000000780a00000, 0x0000000784a00000, 0x00000007c0000000)
  eden space 49152K, 100% used [0x0000000780a00000,0x0000000783a00000,0x0000000783a00000)
  from space 8192K, 90% used [0x0000000783a00000,0x00000007841414a0,0x0000000784200000)
  to   space 8192K, 0% used [0x0000000784200000,0x0000000784200000,0x0000000784a00000)
 ParOldGen       total 131072K, used 16K [0x0000000701e00000, 0x0000000709e00000, 0x0000000780a00000)
  object space 131072K, 0% used [0x0000000701e00000,0x0000000701e04000,0x0000000709e00000)
 Metaspace       used 14760K, capacity 14962K, committed 15232K, reserved 1062912K
  class space    used 1808K, capacity 1907K, committed 1920K, reserved 1048576K
Event: 2.519 GC heap after
Heap after GC invocations=2 (full 0):
 PSYoungGen      total 57344K, used 8172K [0x0000000780a00000, 0x0000000784a00000, 0x00000007c0000000)
  eden space 49152K, 0% used [0x0000000780a00000,0x0000000780a00000,0x0000000783a00000)
  from space 8192K, 99% used [0x0000000784200000,0x00000007849fb210,0x0000000784a00000)
  to   space 8192K, 0% used [0x0000000783a00000,0x0000000783a00000,0x0000000784200000)
 ParOldGen       total 131072K, used 1336K [0x0000000701e00000, 0x0000000709e00000, 0x0000000780a00000)
  object space 131072K, 1% used [0x0000000701e00000,0x0000000701f4e328,0x0000000709e00000)
 Metaspace       used 14760K, capacity 14962K, committed 15232K, reserved 1062912K
  class space    used 1808K, capacity 1907K, committed 1920K, reserved 1048576K
}
Event: 3.370 GC heap before
{Heap before GC invocations=3 (full 0):
 PSYoungGen      total 57344K, used 57324K [0x0000000780a00000, 0x0000000784a00000, 0x00000007c0000000)
  eden space 49152K, 100% used [0x0000000780a00000,0x0000000783a00000,0x0000000783a00000)
  from space 8192K, 99% used [0x0000000784200000,0x00000007849fb210,0x0000000784a00000)
  to   space 8192K, 0% used [0x0000000783a00000,0x0000000783a00000,0x0000000784200000)
 ParOldGen       total 131072K, used 1336K [0x0000000701e00000, 0x0000000709e00000, 0x0000000780a00000)
  object space 131072K, 1% used [0x0000000701e00000,0x0000000701f4e328,0x0000000709e00000)
 Metaspace       used 15821K, capacity 16188K, committed 16384K, reserved 1062912K
  class space    used 1905K, capacity 2014K, committed 2048K, reserved 1048576K
Event: 3.381 GC heap after
Heap after GC invocations=3 (full 0):
 PSYoungGen      total 57344K, used 8160K [0x0000000780a00000, 0x0000000784a00000, 0x00000007c0000000)
  eden space 49152K, 0% used [0x0000000780a00000,0x0000000780a00000,0x0000000783a00000)
  from space 8192K, 99% used [0x0000000783a00000,0x00000007841f8020,0x0000000784200000)
  to   space 8192K, 0% used [0x0000000784200000,0x0000000784200000,0x0000000784a00000)
 ParOldGen       total 131072K, used 2368K [0x0000000701e00000, 0x0000000709e00000, 0x0000000780a00000)
  object space 131072K, 1% used [0x0000000701e00000,0x0000000702050190,0x0000000709e00000)
 Metaspace       used 15821K, capacity 16188K, committed 16384K, reserved 1062912K
  class space    used 1905K, capacity 2014K, committed 2048K, reserved 1048576K
}
Event: 4.419 GC heap before
{Heap before GC invocations=4 (full 0):
 PSYoungGen      total 57344K, used 57312K [0x0000000780a00000, 0x0000000784a00000, 0x00000007c0000000)
  eden space 49152K, 100% used [0x0000000780a00000,0x0000000783a00000,0x0000000783a00000)
  from space 8192K, 99% used [0x0000000783a00000,0x00000007841f8020,0x0000000784200000)
  to   space 8192K, 0% used [0x0000000784200000,0x0000000784200000,0x0000000784a00000)
 ParOldGen       total 131072K, used 2368K [0x0000000701e00000, 0x0000000709e00000, 0x0000000780a00000)
  object space 131072K, 1% used [0x0000000701e00000,0x0000000702050190,0x0000000709e00000)
 Metaspace       used 20552K, capacity 21026K, committed 21296K, reserved 1069056K
  class space    used 2484K, capacity 2607K, committed 2688K, reserved 1048576K
Event: 4.446 GC heap after
Heap after GC invocations=4 (full 0):
 PSYoungGen      total 57344K, used 8167K [0x0000000780a00000, 0x0000000787a00000, 0x00000007c0000000)
  eden space 49152K, 0% used [0x0000000780a00000,0x0000000780a00000,0x0000000783a00000)
  from space 8192K, 99% used [0x0000000784200000,0x00000007849f9eb8,0x0000000784a00000)
  to   space 8192K, 0% used [0x0000000783a00000,0x0000000783a00000,0x0000000784200000)
 ParOldGen       total 131072K, used 13166K [0x0000000701e00000, 0x0000000709e00000, 0x0000000780a00000)
  object space 131072K, 10% used [0x0000000701e00000,0x0000000702adb980,0x0000000709e00000)
 Metaspace       used 20552K, capacity 21026K, committed 21296K, reserved 1069056K
  class space    used 2484K, capacity 2607K, committed 2688K, reserved 1048576K
}
Event: 4.530 GC heap before
{Heap before GC invocations=5 (full 0):
 PSYoungGen      total 57344K, used 14444K [0x0000000780a00000, 0x0000000787a00000, 0x00000007c0000000)
  eden space 49152K, 12% used [0x0000000780a00000,0x0000000781021528,0x0000000783a00000)
  from space 8192K, 99% used [0x0000000784200000,0x00000007849f9eb8,0x0000000784a00000)
  to   space 8192K, 0% used [0x0000000783a00000,0x0000000783a00000,0x0000000784200000)
 ParOldGen       total 131072K, used 13166K [0x0000000701e00000, 0x0000000709e00000, 0x0000000780a00000)
  object space 131072K, 10% used [0x0000000701e00000,0x0000000702adb980,0x0000000709e00000)
 Metaspace       used 20674K, capacity 21090K, committed 21296K, reserved 1069056K
  class space    used 2491K, capacity 2607K, committed 2688K, reserved 1048576K
Event: 4.544 GC heap after
Heap after GC invocations=5 (full 0):
 PSYoungGen      total 57344K, used 8183K [0x0000000780a00000, 0x0000000787a00000, 0x00000007c0000000)
  eden space 49152K, 0% used [0x0000000780a00000,0x0000000780a00000,0x0000000783a00000)
  from space 8192K, 99% used [0x0000000783a00000,0x00000007841fdea8,0x0000000784200000)
  to   space 8192K, 0% used [0x0000000784200000,0x0000000784200000,0x0000000784a00000)
 ParOldGen       total 131072K, used 14226K [0x0000000701e00000, 0x0000000709e00000, 0x0000000780a00000)
  object space 131072K, 10% used [0x0000000701e00000,0x0000000702be49a0,0x0000000709e00000)
 Metaspace       used 20674K, capacity 21090K, committed 21296K, reserved 1069056K
  class space    used 2491K, capacity 2607K, committed 2688K, reserved 1048576K
}
Event: 4.544 GC heap before
{Heap before GC invocations=6 (full 1):
 PSYoungGen      total 57344K, used 8183K [0x0000000780a00000, 0x0000000787a00000, 0x00000007c0000000)
  eden space 49152K, 0% used [0x0000000780a00000,0x0000000780a00000,0x0000000783a00000)
  from space 8192K, 99% used [0x0000000783a00000,0x00000007841fdea8,0x0000000784200000)
  to   space 8192K, 0% used [0x0000000784200000,0x0000000784200000,0x0000000784a00000)
 ParOldGen       total 131072K, used 14226K [0x0000000701e00000, 0x0000000709e00000, 0x0000000780a00000)
  object space 131072K, 10% used [0x0000000701e00000,0x0000000702be49a0,0x0000000709e00000)
 Metaspace       used 20674K, capacity 21090K, committed 21296K, reserved 1069056K
  class space    used 2491K, capacity 2607K, committed 2688K, reserved 1048576K

Deoptimization events (10 events):
Event: 3.648 Thread 0x0000000000c5e800 Uncommon trap: reason=bimorphic action=maybe_recompile pc=0x00000000032b31e8 method=java.util.regex.Pattern$CharProperty.match(Ljava/util/regex/Matcher;ILjava/lang/CharSequence;)Z @ 37
Event: 3.657 Thread 0x0000000000c5e800 Uncommon trap: reason=unstable_if action=reinterpret pc=0x000000000353fde0 method=com.google.inject.internal.InjectorImpl.callInContext(Lcom/google/inject/internal/ContextualCallable;)Ljava/lang/Object; @ 161
Event: 4.135 Thread 0x0000000000c5e800 Uncommon trap: reason=unstable_if action=reinterpret pc=0x00000000034f7918 method=java.util.jar.Manifest$FastInputStream.readLine([BII)I @ 87
Event: 4.160 Thread 0x0000000000c5e800 Uncommon trap: reason=bimorphic action=maybe_recompile pc=0x00000000036a8918 method=sun.misc.Resource.getBytes()[B @ 115
Event: 4.161 Thread 0x0000000000c5e800 Uncommon trap: reason=bimorphic action=maybe_recompile pc=0x00000000036a8918 method=sun.misc.Resource.getBytes()[B @ 115
Event: 4.162 Thread 0x0000000000c5e800 Uncommon trap: reason=bimorphic action=maybe_recompile pc=0x00000000036a8918 method=sun.misc.Resource.getBytes()[B @ 115
Event: 4.162 Thread 0x0000000000c5e800 Uncommon trap: reason=bimorphic action=maybe_recompile pc=0x00000000036a8918 method=sun.misc.Resource.getBytes()[B @ 115
Event: 4.189 Thread 0x0000000000c5e800 Uncommon trap: reason=unstable_if action=reinterpret pc=0x0000000002e52784 method=sun.misc.URLClassPath$JarLoader.getResource(Ljava/lang/String;Z)Lsun/misc/Resource; @ 62
Event: 4.298 Thread 0x0000000000c5e800 Uncommon trap: reason=unstable_if action=reinterpret pc=0x0000000003693aec method=java.util.jar.Attributes$Name.isDigit(C)Z @ 3
Event: 4.365 Thread 0x0000000000c5e800 Uncommon trap: reason=unstable_if action=reinterpret pc=0x0000000002eb898c method=java.io.WinNTFileSystem.normalize(Ljava/lang/String;)Ljava/lang/String; @ 128

Classes redefined (0 events):
No events

Internal exceptions (10 events):
Event: 1.977 Thread 0x0000000000c5e800 Exception <a 'java/lang/NullPointerException'> (0x00000007822644e0) thrown at [C:\re\workspace\8-2-build-windows-amd64-cygwin\jdk8u201\12322\hotspot\src\share\vm\interpreter\linkResolver.cpp, line 1185]
Event: 1.977 Thread 0x0000000000c5e800 Exception <a 'java/lang/NullPointerException'> (0x00000007822646f8) thrown at [C:\re\workspace\8-2-build-windows-amd64-cygwin\jdk8u201\12322\hotspot\src\share\vm\interpreter\linkResolver.cpp, line 1185]
Event: 1.977 Thread 0x0000000000c5e800 Exception <a 'java/lang/NullPointerException'> (0x0000000782264910) thrown at [C:\re\workspace\8-2-build-windows-amd64-cygwin\jdk8u201\12322\hotspot\src\share\vm\interpreter\linkResolver.cpp, line 1185]
Event: 2.224 Thread 0x0000000000c5e800 Implicit null exception at 0x0000000003068455 to 0x0000000003068659
Event: 2.224 Thread 0x0000000000c5e800 Implicit null exception at 0x0000000002f7a6af to 0x0000000002f7a719
Event: 2.333 Thread 0x0000000000c5e800 Implicit null exception at 0x0000000003286700 to 0x0000000003287961
Event: 3.657 Thread 0x0000000000c5e800 Implicit null exception at 0x000000000353ec06 to 0x000000000353fdc5
Event: 3.754 Thread 0x0000000000c5e800 Exception <a 'java/lang/ClassNotFoundException': com/sun/tools/javac/api/JavacTool> (0x0000000781bc5ed8) thrown at [C:\re\workspace\8-2-build-windows-amd64-cygwin\jdk8u201\12322\hotspot\src\share\vm\classfile\systemDictionary.cpp, line 210]
Event: 4.343 Thread 0x0000000000c5e800 Exception <a 'java/io/FileNotFoundException'> (0x0000000783135008) thrown at [C:\re\workspace\8-2-build-windows-amd64-cygwin\jdk8u201\12322\hotspot\src\share\vm\prims\jni.cpp, line 709]
Event: 4.347 Thread 0x0000000000c5e800 Exception <a 'java/io/FileNotFoundException'> (0x0000000783169d88) thrown at [C:\re\workspace\8-2-build-windows-amd64-cygwin\jdk8u201\12322\hotspot\src\share\vm\prims\jni.cpp, line 709]

Events (10 events):
Event: 4.508 loading class com/sun/tools/javac/util/JCDiagnostic$DiagnosticType done
Event: 4.529 loading class com/sun/tools/javac/jvm/ClassReader$SourceFileObject
Event: 4.529 loading class com/sun/tools/javac/jvm/ClassReader$SourceFileObject done
Event: 4.529 loading class com/sun/tools/javac/util/Pair
Event: 4.529 loading class com/sun/tools/javac/util/Pair done
Event: 4.530 loading class com/sun/tools/javac/jvm/ClassReader$AnnotationCompleter
Event: 4.530 loading class com/sun/tools/javac/jvm/ClassReader$AnnotationCompleter done
Event: 4.530 loading class com/sun/tools/javac/jvm/ClassReader$AnnotationDeproxy
Event: 4.530 loading class com/sun/tools/javac/jvm/ClassReader$AnnotationDeproxy done
Event: 4.530 Executing VM operation: CollectForMetadataAllocation


Dynamic libraries:
0x00007ff6968f0000 - 0x00007ff696927000 	C:\Program Files\Java\jdk1.8.0_201\bin\javaw.exe
0x00007fffbccb0000 - 0x00007fffbce91000 	C:\WINDOWS\SYSTEM32\ntdll.dll
0x00007fffbcbc0000 - 0x00007fffbcc72000 	C:\WINDOWS\System32\KERNEL32.DLL
0x00007fffb9910000 - 0x00007fffb9b83000 	C:\WINDOWS\System32\KERNELBASE.dll
0x00007fffbac40000 - 0x00007fffbace1000 	C:\WINDOWS\System32\ADVAPI32.dll
0x00007fffba4d0000 - 0x00007fffba56e000 	C:\WINDOWS\System32\msvcrt.dll
0x00007fffba660000 - 0x00007fffba6bb000 	C:\WINDOWS\System32\sechost.dll
0x00007fffbab10000 - 0x00007fffbac34000 	C:\WINDOWS\System32\RPCRT4.dll
0x00007fffbca30000 - 0x00007fffbcbc0000 	C:\WINDOWS\System32\USER32.dll
0x00007fffb9840000 - 0x00007fffb9860000 	C:\WINDOWS\System32\win32u.dll
0x00007fffbb210000 - 0x00007fffbb238000 	C:\WINDOWS\System32\GDI32.dll
0x00007fffb9c30000 - 0x00007fffb9dc2000 	C:\WINDOWS\System32\gdi32full.dll
0x00007fffb9b90000 - 0x00007fffb9c2f000 	C:\WINDOWS\System32\msvcp_win.dll
0x00007fffb9fc0000 - 0x00007fffba0b8000 	C:\WINDOWS\System32\ucrtbase.dll
0x00007fffa96d0000 - 0x00007fffa9939000 	C:\WINDOWS\WinSxS\amd64_microsoft.windows.common-controls_6595b64144ccf1df_6.0.17134.648_none_fb45a0e93062a6d2\COMCTL32.dll
0x00007fffba1a0000 - 0x00007fffba4c2000 	C:\WINDOWS\System32\combase.dll
0x00007fffba0c0000 - 0x00007fffba13a000 	C:\WINDOWS\System32\bcryptPrimitives.dll
0x00007fffbb5c0000 - 0x00007fffbb5ed000 	C:\WINDOWS\System32\IMM32.DLL
0x000000006abc0000 - 0x000000006ac91000 	C:\Program Files\Java\jdk1.8.0_201\jre\bin\msvcr100.dll
0x000000006a310000 - 0x000000006abb4000 	C:\Program Files\Java\jdk1.8.0_201\jre\bin\server\jvm.dll
0x00007fffba570000 - 0x00007fffba578000 	C:\WINDOWS\System32\PSAPI.DLL
0x00007fffaceb0000 - 0x00007fffaced3000 	C:\WINDOWS\SYSTEM32\WINMM.dll
0x00007fffacb80000 - 0x00007fffacb89000 	C:\WINDOWS\SYSTEM32\WSOCK32.dll
0x00007fffac930000 - 0x00007fffac93a000 	C:\WINDOWS\SYSTEM32\VERSION.dll
0x00007fffbb120000 - 0x00007fffbb18c000 	C:\WINDOWS\System32\WS2_32.dll
0x00007ffface80000 - 0x00007fffaceaa000 	C:\WINDOWS\SYSTEM32\WINMMBASE.dll
0x00007fffb97f0000 - 0x00007fffb9839000 	C:\WINDOWS\System32\cfgmgr32.dll
0x00007fffb4fc0000 - 0x00007fffb4fcf000 	C:\Program Files\Java\jdk1.8.0_201\jre\bin\verify.dll
0x00007fffb2880000 - 0x00007fffb28a9000 	C:\Program Files\Java\jdk1.8.0_201\jre\bin\java.dll
0x00007fffb2d70000 - 0x00007fffb2d86000 	C:\Program Files\Java\jdk1.8.0_201\jre\bin\zip.dll
0x00007fffbb5f0000 - 0x00007fffbca30000 	C:\WINDOWS\System32\SHELL32.dll
0x00007fffbae80000 - 0x00007fffbaf29000 	C:\WINDOWS\System32\shcore.dll
0x00007fffb90e0000 - 0x00007fffb97ed000 	C:\WINDOWS\System32\windows.storage.dll
0x00007fffba140000 - 0x00007fffba191000 	C:\WINDOWS\System32\shlwapi.dll
0x00007fffb9020000 - 0x00007fffb9031000 	C:\WINDOWS\System32\kernel.appcore.dll
0x00007fffb9060000 - 0x00007fffb907f000 	C:\WINDOWS\System32\profapi.dll
0x00007fffb8fc0000 - 0x00007fffb900c000 	C:\WINDOWS\System32\powrprof.dll
0x00007fffb9010000 - 0x00007fffb901a000 	C:\WINDOWS\System32\FLTLIB.DLL
0x00007fffb01c0000 - 0x00007fffb01da000 	C:\Program Files\Java\jdk1.8.0_201\jre\bin\net.dll
0x00007fffa9500000 - 0x00007fffa96c8000 	C:\WINDOWS\SYSTEM32\urlmon.dll
0x00007fffa8dc0000 - 0x00007fffa9065000 	C:\WINDOWS\SYSTEM32\iertutil.dll
0x00007fffb89b0000 - 0x00007fffb89bb000 	C:\WINDOWS\SYSTEM32\CRYPTBASE.DLL
0x00007fffb87e0000 - 0x00007fffb8846000 	C:\WINDOWS\system32\mswsock.dll
0x00007fffaf470000 - 0x00007fffaf481000 	C:\Program Files\Java\jdk1.8.0_201\jre\bin\nio.dll

VM Arguments:
jvm_args: -Dmaven.home=EMBEDDED -Dclassworlds.conf=C:\Users\Vinoth Kumar\eclipse-workspaceNew\.metadata\.plugins\org.eclipse.m2e.launching\launches\m2conf8615861126569694631.tmp -Dmaven.multiModuleProjectDirectory=C:\Users\Vinoth Kumar\eclipse-workspaceNew\CredifyLoans -Dfile.encoding=Cp1252 
java_command: org.codehaus.plexus.classworlds.launcher.Launcher -B test
java_class_path (initial): C:\eclipse\plugins\org.eclipse.m2e.maven.runtime_1.8.2.20171007-0216\jars\plexus-classworlds-2.5.2.jar
Launcher Type: SUN_STANDARD

Environment Variables:
JAVA_HOME=C:\Program Files\Java\jdk1.8.0_201\
PATH=C:/eclipse/jre1.8.0_201/bin/server;C:/eclipse/jre1.8.0_201/bin;C:/eclipse/jre1.8.0_201/lib/amd64;C:\Program Files\Java\jdk1.8.0_161\bin;C:\Program Files\Java\jre1.8.0_161\bin;C:\eclipse\jre1.8.0_201\bin;C:\Users\Vinoth Kumar\apache-maven-3.6.0-bin\apache-maven-3.6.0\bin;C:\Users\Vinoth Kumar\AppData\Local\Microsoft\WindowsApps;C:\Users\Vinoth Kumar\AppData\Local\GitHubDesktop\bin;C:\Program Files\Intel\WiFi\bin\;C:\Program Files\Common Files\Intel\WirelessCommon\;C:\eclipse;
USERNAME=Vinoth Kumar
OS=Windows_NT
PROCESSOR_IDENTIFIER=Intel64 Family 6 Model 142 Stepping 10, GenuineIntel



---------------  S Y S T E M  ---------------

OS: Windows 10.0 , 64 bit Build 17134 (10.0.17134.648)

CPU:total 8 (initial active 8) (4 cores per cpu, 2 threads per core) family 6 model 142 stepping 10, cmov, cx8, fxsr, mmx, sse, sse2, sse3, ssse3, sse4.1, sse4.2, popcnt, avx, avx2, aes, clmul, erms, 3dnowpref, lzcnt, ht, tsc, tscinvbit, bmi1, bmi2, adx

Memory: 4k page, physical 12453452k(890852k free), swap 27921096k(5124k free)

vm_info: Java HotSpot(TM) 64-Bit Server VM (25.201-b09) for windows-amd64 JRE (1.8.0_201-b09), built on Dec 15 2018 18:36:39 by "java_re" with MS VC++ 10.0 (VS2010)

time: Mon Mar 25 21:52:51 2019
timezone: Eastern Daylight Time
elapsed time: 4 seconds (0d 0h 0m 4s)

